Retrieving projectΓÇª
Deploying gzeus-projects/100-great-humans
Uploading [--------------------] (0.0B/845.3KB)
Uploading [=====---------------] (212.5KB/845.3KB)
Uploading [==========----------] (423.3KB/845.3KB)
Uploading [===============-----] (639.3KB/845.3KB)
Uploading [====================] (845.3KB/845.3KB)
Inspect: https://vercel.com/gzeus-projects/100-great-humans/A2QUsyazdh1WTNfHnJycKaawqMny [7s]
Production: https://100-great-humans-o22g98yfm-gzeus-projects.vercel.app [7s]
Building...
Building...
Building: Running build in Washington, D.C., USA (East) ΓÇô iad1
Building: Build machine configuration: 2 cores, 8 GB
Building: Retrieving list of deployment files...
Building: Previous build caches not available.
Building: Downloading 258 deployment files...
Building: Running "vercel build"
Building: Vercel CLI 50.38.1
Building: Running "install" command: `cd src && npm install`...
Building: npm warn deprecated inflight@1.0.6: This module is not supported, and leaks memory. Do not use it. Check out lru-cache if you want a good and tested way to coalesce async requests by a key value, which is much more comprehensive and powerful.
Building: npm warn deprecated rimraf@3.0.2: Rimraf versions prior to v4 are no longer supported
Building: npm warn deprecated @humanwhocodes/object-schema@2.0.3: Use @eslint/object-schema instead
Building: npm warn deprecated @humanwhocodes/config-array@0.13.0: Use @eslint/config-array instead
Building: npm warn deprecated glob@7.2.3: Old versions of glob are not supported, and contain widely publicized security vulnerabilities, which have been fixed in the current version. Please update. Support for old versions may be purchased (at exorbitant rates) by contacting i@izs.me
Building: npm warn deprecated glob@10.3.10: Old versions of glob are not supported, and contain widely publicized security vulnerabilities, which have been fixed in the current version. Please update. Support for old versions may be purchased (at exorbitant rates) by contacting i@izs.me
Building: npm warn deprecated eslint@8.57.1: This version is no longer supported. Please see https://eslint.org/version-support for other options.
Building: added 385 packages, and audited 387 packages in 40s
Building: 154 packages are looking for funding
Building: run `npm fund` for details
Building: 4 high severity vulnerabilities
Building: To address issues that do not require attention, run:
Building: npm audit fix
Building: To address all issues (including breaking changes), run:
Building: npm audit fix --force
Building: Run `npm audit` for details.
Building: Detected Next.js version: 14.2.35
Building: Running "cd src && npm run build"
Building: > 100-great-humans-web@1.0.0 build
Building: > next build
Building: Attention: Next.js now collects completely anonymous telemetry regarding usage.
Building: This information is used to shape Next.js' roadmap and prioritize features.
Building: You can learn more, including how to opt-out if you'd not like to participate in this anonymous program, by visiting the following URL:
Building: https://nextjs.org/telemetry
Building: Γû▓ Next.js 14.2.35
Building: Creating an optimized production build ...
Building: Γ£ô Compiled successfully
Building: Linting and checking validity of types ...
Building: It looks like you're trying to use TypeScript but do not have the required package(s) installed.
Building: Please install @types/react by running:
Building: npm install --save-dev @types/react
Building: If you are not trying to use TypeScript, please remove the tsconfig.json file from your package root (and any TypeScript files in your pages directory).
Building: Next.js build worker exited with code: 1 and signal: null
Building: Error: Command "cd src && npm run build" exited with 1
Error: Command "cd src && npm run build" exited with 1
https://100-great-humans-o22g98yfm-gzeus-projects.vercel.app
